2022-09-06 07:26:03.6252|TRACE|Performance.RuntimePluginScanner|00:00:00.0381358 Loaded plugins (569).
2022-09-06 07:26:03.7067|TRACE|Performance.DatabaseUpdate|00:00:00.4591196 Modules and plugins registered.
2022-09-06 07:26:03.7869|TRACE|Performance.DataMigrationScriptsFile|00:00:00.0762214 Loaded 12 scripts from generated file.
2022-09-06 07:26:03.7967|TRACE|Performance.DatabaseModelFile|00:00:00.0091777 Load.
2022-09-06 07:26:04.4348|TRACE|Performance.DatabaseAnalysis|00:00:00.0425086 Loaded old concept applications.
2022-09-06 07:26:04.4348|TRACE|Performance.DatabaseAnalysis|00:00:00.0017952 Got new concept applications.
2022-09-06 07:26:04.4348|TRACE|Performance.DatabaseAnalysis|00:00:00.0041301 Match new and old concept applications.
2022-09-06 07:26:04.4348|TRACE|Performance.DatabaseAnalysis|00:00:00.0001608 Verify new concept applications' integrity.
2022-09-06 07:26:04.4348|TRACE|Performance.DatabaseAnalysis|00:00:00.0078072 Removed unused concept applications.
2022-09-06 07:26:04.4533|TRACE|Performance.DatabaseAnalysis|00:00:00.0046054 Analyzed differences in database structure.
2022-09-06 07:26:04.4533|TRACE|Performance.DatabaseGenerator|00:00:00.0612036 Database diff analysis.
2022-09-06 07:26:04.4533|TRACE|Performance.DatabaseGenerator|00:00:00.0034916 Log analysis results.
2022-09-06 07:26:04.4533|TRACE|Performance.DatabaseGenerator|00:00:00.0012092 ApplyChangesToDatabase: Prepared SQL scripts for removing concept applications.
2022-09-06 07:26:04.4533|TRACE|Performance.DatabaseGenerator|00:00:00.0034131 ApplyChangesToDatabase: Prepared SQL scripts for updating unchanged concept applications' metadata.
2022-09-06 07:26:04.4533|TRACE|Performance.DatabaseGenerator|00:00:00.0009921 ApplyChangesToDatabase: Prepared SQL scripts for inserting concept applications.
2022-09-06 07:26:04.4533|TRACE|Performance.DatabaseGenerator|00:00:00.0000847 ApplyChangesToDatabase: Executed 0 SQL scripts.
2022-09-06 07:26:04.4533|TRACE|Performance.DatabaseGenerator|00:00:00.0060070 Applied changes to database.
2022-09-06 07:26:04.4669|TRACE|Performance.DatabaseGenerator|00:00:00.0040575 Verified integrity of saved concept applications metadata.
2022-09-06 07:26:04.4669|TRACE|Performance.DatabaseGenerator|00:00:00.0748225 UpdateDatabaseStructure
2022-09-06 07:26:04.5182|TRACE|Performance.RuntimePluginScanner|00:00:00.0079778 Loaded plugins (569).
2022-09-06 07:26:04.7546|TRACE|Performance.MetadataWorkspaceFileProvider|00:00:00.0271602 Checked if ProviderManifestToken is set.
2022-09-06 07:26:04.7546|TRACE|Performance.MetadataWorkspaceFileProvider|00:00:00.0011704 Initialized ServerDomEdm.ssdl.
2022-09-06 07:26:05.0975|TRACE|Performance.MetadataWorkspaceFileProvider|00:00:00.3417071 Load EDM files.
2022-09-06 07:26:05.1295|TRACE|Performance.EfMappingViewsInitializer|00:00:00.4022423 Calculated hash for current model.
2022-09-06 07:26:05.2025|TRACE|Performance.DslModelFile|00:00:00.0719801 Load.
2022-09-06 07:26:05.2581|TRACE|Performance.DslModelFile|00:00:00.1275733 Initialize (668 concepts).
2022-09-06 07:26:05.2700|TRACE|Performance.EfMappingViewsInitializer|00:00:00.1404196 Calculated additional hash.
2022-09-06 07:26:05.2777|TRACE|Performance.EfMappingViewsFileStore|00:00:00.0074012 Loaded and deserialized views from 'C:\Users\TomislavGvozdanovic\source\repos\bookstore\bookstore\bin\Debug\net6.0\EfMappingGeneratedViews.json'.
2022-09-06 07:26:05.2944|TRACE|Performance.ApplicationInitialization|00:00:00.7906651 New modules and plugins registered.
2022-09-06 07:26:05.2944|TRACE|Performance.ClaimGenerator|00:00:00.0094205 Generate new claims.
2022-09-06 07:26:05.2944|TRACE|Performance.GenericRepository(Common.Claim)|00:00:00.0001343 InsertOrUpdateOrDeleteOrDeactivate: Initialize new items (109)
2022-09-06 07:26:05.6606|TRACE|Performance.EfMappingViewsFileStore|00:00:00.0005706 Loaded and deserialized views from 'C:\Users\TomislavGvozdanovic\source\repos\bookstore\bookstore\bin\Debug\net6.0\EfMappingGeneratedViews.json'.
2022-09-06 07:26:05.8912|TRACE|Performance.GenericRepository(Common.Claim)|00:00:00.5832247 InsertOrUpdateOrDeleteOrDeactivate: Load old items (109)
2022-09-06 07:26:05.8912|TRACE|Performance.GenericRepository(Common.Claim)|00:00:00.0023067 InsertOrUpdateOrDeleteOrDeactivate: Diff (109 new items, 109 old items, 0 to insert, 0 to update, 0 to delete)
2022-09-06 07:26:05.9868|TRACE|Performance.GenericRepository(Common.Claim)|00:00:00.0928478 InsertOrUpdateOrDeleteOrDeactivate: Deactivate (0 to deactivate, 0 already deactivated)
2022-09-06 07:26:05.9967|TRACE|Performance.GenericRepository(Common.Claim)|00:00:00.0096144 InsertOrUpdateOrDeleteOrDeactivate: Save (109 new items, 109 old items, 0 to insert, 0 to update, 0 to delete)
2022-09-06 07:26:05.9967|TRACE|Performance.ClaimGenerator|00:00:00.6911992 Save claims.
2022-09-06 07:26:05.9967|TRACE|Performance.KeepSynchronizedRecomputeOnDeploy|00:00:00.0092835 Load metadata.
2022-09-06 07:26:05.9967|TRACE|Performance.KeepSynchronizedRecomputeOnDeploy|00:00:00.0008732 Save metadata.
